2023-04-10 09:58:46.022 [main] INFO  com.wxm.spi.WxmSpiApplication - Starting WxmSpiApplication using Java 1.8.0_361 on DESKTOP-1MGM9M0 with PID 38916 (M:\wxm-datax\wxm-spi\target\classes started by wangsm in M:\wxm-datax)
2023-04-10 09:58:46.026 [main] INFO  com.wxm.spi.WxmSpiApplication - The following 5 profiles are active: "datax", "druid", "oss", "redis", "security"
2023-04-10 09:58:49.557 [main] INFO  o.s.d.r.config.RepositoryConfigurationDelegate - Multiple Spring Data modules found, entering strict repository configuration mode
2023-04-10 09:58:49.568 [main] INFO  o.s.d.r.config.RepositoryConfigurationDelegate - Bootstrapping Spring Data Redis repositories in DEFAULT mode.
2023-04-10 09:58:49.623 [main] INFO  o.s.d.r.config.RepositoryConfigurationDelegate - Finished Spring Data repository scanning in 7 ms. Found 0 Redis repository interfaces.
2023-04-10 09:58:50.290 [main] INFO  o.s.c.s.PostProcessorRegistrationDelegate$BeanPostProcessorChecker - Bean 'spring.datasource.dynamic-com.baomidou.dynamic.datasource.spring.boot.autoconfigure.DynamicDataSourceProperties' of type [com.baomidou.dynamic.datasource.spring.boot.autoconfigure.DynamicDataSourceProperties] is not eligible for getting processed by all BeanPostProcessors (for example: not eligible for auto-proxying)
2023-04-10 09:58:50.294 [main] INFO  o.s.c.s.PostProcessorRegistrationDelegate$BeanPostProcessorChecker - Bean 'com.baomidou.dynamic.datasource.spring.boot.autoconfigure.DynamicDataSourceAutoConfiguration' of type [com.baomidou.dynamic.datasource.spring.boot.autoconfigure.DynamicDataSourceAutoConfiguration$$EnhancerBySpringCGLIB$$dc2e080a] is not eligible for getting processed by all BeanPostProcessors (for example: not eligible for auto-proxying)
2023-04-10 09:58:50.324 [main] INFO  o.s.c.s.PostProcessorRegistrationDelegate$BeanPostProcessorChecker - Bean 'dsProcessor' of type [com.baomidou.dynamic.datasource.processor.DsHeaderProcessor] is not eligible for getting processed by all BeanPostProcessors (for example: not eligible for auto-proxying)
2023-04-10 09:58:50.353 [main] INFO  o.s.b.a.l.ConditionEvaluationReportLoggingListener - 

Error starting ApplicationContext. To display the conditions report re-run your application with 'debug' enabled.
2023-04-10 10:13:28.027 [main] INFO  com.wxm.spi.WxmSpiApplication - Starting WxmSpiApplication using Java 1.8.0_361 on DESKTOP-1MGM9M0 with PID 17748 (M:\wxm-datax\wxm-spi\target\classes started by wangsm in M:\wxm-datax)
2023-04-10 10:13:28.032 [main] INFO  com.wxm.spi.WxmSpiApplication - The following 5 profiles are active: "datax", "druid", "oss", "redis", "security"
2023-04-10 10:13:29.482 [main] INFO  o.s.d.r.config.RepositoryConfigurationDelegate - Multiple Spring Data modules found, entering strict repository configuration mode
2023-04-10 10:13:29.487 [main] INFO  o.s.d.r.config.RepositoryConfigurationDelegate - Bootstrapping Spring Data Redis repositories in DEFAULT mode.
2023-04-10 10:13:29.525 [main] INFO  o.s.d.r.config.RepositoryConfigurationDelegate - Finished Spring Data repository scanning in 9 ms. Found 0 Redis repository interfaces.
2023-04-10 10:13:30.084 [main] INFO  o.s.c.s.PostProcessorRegistrationDelegate$BeanPostProcessorChecker - Bean 'spring.datasource.dynamic-com.baomidou.dynamic.datasource.spring.boot.autoconfigure.DynamicDataSourceProperties' of type [com.baomidou.dynamic.datasource.spring.boot.autoconfigure.DynamicDataSourceProperties] is not eligible for getting processed by all BeanPostProcessors (for example: not eligible for auto-proxying)
2023-04-10 10:13:30.088 [main] INFO  o.s.c.s.PostProcessorRegistrationDelegate$BeanPostProcessorChecker - Bean 'com.baomidou.dynamic.datasource.spring.boot.autoconfigure.DynamicDataSourceAutoConfiguration' of type [com.baomidou.dynamic.datasource.spring.boot.autoconfigure.DynamicDataSourceAutoConfiguration$$EnhancerBySpringCGLIB$$e6bd0e21] is not eligible for getting processed by all BeanPostProcessors (for example: not eligible for auto-proxying)
2023-04-10 10:13:30.118 [main] INFO  o.s.c.s.PostProcessorRegistrationDelegate$BeanPostProcessorChecker - Bean 'dsProcessor' of type [com.baomidou.dynamic.datasource.processor.DsHeaderProcessor] is not eligible for getting processed by all BeanPostProcessors (for example: not eligible for auto-proxying)
2023-04-10 10:13:30.139 [main] INFO  o.s.b.a.l.ConditionEvaluationReportLoggingListener - 

Error starting ApplicationContext. To display the conditions report re-run your application with 'debug' enabled.
