2022-09-02 11:29:04.020 [main] WARN  org.mybatis.spring.mapper.ClassPathMapperScanner - No MyBatis mapper was found in '[com.wxm.quartz.single.mapper]' package. Please check your configuration.
2022-09-02 11:29:04.025 [main] WARN  org.mybatis.spring.mapper.ClassPathMapperScanner - Skipping MapperFactoryBean with name 'oauthClientDetailsMapper' and 'com.wxm.druid.mapper.master.oauth2.OauthClientDetailsMapper' mapperInterface. Bean already defined with the same name!
2022-09-02 11:29:04.025 [main] WARN  org.mybatis.spring.mapper.ClassPathMapperScanner - Skipping MapperFactoryBean with name 'wxmClientRoleMapper' and 'com.wxm.druid.mapper.master.oauth2.WxmClientRoleMapper' mapperInterface. Bean already defined with the same name!
2022-09-02 11:29:04.027 [main] WARN  org.mybatis.spring.mapper.ClassPathMapperScanner - Skipping MapperFactoryBean with name 'wxmCRoleMapper' and 'com.wxm.druid.mapper.master.oauth2.WxmCRoleMapper' mapperInterface. Bean already defined with the same name!
2022-09-02 11:29:04.027 [main] WARN  org.mybatis.spring.mapper.ClassPathMapperScanner - Skipping MapperFactoryBean with name 'wxmApiMapper' and 'com.wxm.druid.mapper.master.WxmApiMapper' mapperInterface. Bean already defined with the same name!
2022-09-02 11:29:04.027 [main] WARN  org.mybatis.spring.mapper.ClassPathMapperScanner - Skipping MapperFactoryBean with name 'wxmDictionaryMapper' and 'com.wxm.druid.mapper.master.WxmDictionaryMapper' mapperInterface. Bean already defined with the same name!
2022-09-02 11:29:04.027 [main] WARN  org.mybatis.spring.mapper.ClassPathMapperScanner - Skipping MapperFactoryBean with name 'wxmGroupMapper' and 'com.wxm.druid.mapper.master.WxmGroupMapper' mapperInterface. Bean already defined with the same name!
2022-09-02 11:29:04.028 [main] WARN  org.mybatis.spring.mapper.ClassPathMapperScanner - Skipping MapperFactoryBean with name 'wxmGroupRoleMapper' and 'com.wxm.druid.mapper.master.WxmGroupRoleMapper' mapperInterface. Bean already defined with the same name!
2022-09-02 11:29:04.028 [main] WARN  org.mybatis.spring.mapper.ClassPathMapperScanner - Skipping MapperFactoryBean with name 'wxmPermissionMapper' and 'com.wxm.druid.mapper.master.WxmPermissionMapper' mapperInterface. Bean already defined with the same name!
2022-09-02 11:29:04.028 [main] WARN  org.mybatis.spring.mapper.ClassPathMapperScanner - Skipping MapperFactoryBean with name 'wxmResourceMapper' and 'com.wxm.druid.mapper.master.WxmResourceMapper' mapperInterface. Bean already defined with the same name!
2022-09-02 11:29:04.028 [main] WARN  org.mybatis.spring.mapper.ClassPathMapperScanner - Skipping MapperFactoryBean with name 'wxmRoleApiMapper' and 'com.wxm.druid.mapper.master.WxmRoleApiMapper' mapperInterface. Bean already defined with the same name!
2022-09-02 11:29:04.029 [main] WARN  org.mybatis.spring.mapper.ClassPathMapperScanner - Skipping MapperFactoryBean with name 'wxmRoleMapper' and 'com.wxm.druid.mapper.master.WxmRoleMapper' mapperInterface. Bean already defined with the same name!
2022-09-02 11:29:04.029 [main] WARN  org.mybatis.spring.mapper.ClassPathMapperScanner - Skipping MapperFactoryBean with name 'wxmRolePermissionMapper' and 'com.wxm.druid.mapper.master.WxmRolePermissionMapper' mapperInterface. Bean already defined with the same name!
2022-09-02 11:29:04.029 [main] WARN  org.mybatis.spring.mapper.ClassPathMapperScanner - Skipping MapperFactoryBean with name 'wxmRoleResourceMapper' and 'com.wxm.druid.mapper.master.WxmRoleResourceMapper' mapperInterface. Bean already defined with the same name!
2022-09-02 11:29:04.030 [main] WARN  org.mybatis.spring.mapper.ClassPathMapperScanner - Skipping MapperFactoryBean with name 'wxmUserGroupMapper' and 'com.wxm.druid.mapper.master.WxmUserGroupMapper' mapperInterface. Bean already defined with the same name!
2022-09-02 11:29:04.030 [main] WARN  org.mybatis.spring.mapper.ClassPathMapperScanner - Skipping MapperFactoryBean with name 'wxmUserMapper' and 'com.wxm.druid.mapper.master.WxmUserMapper' mapperInterface. Bean already defined with the same name!
2022-09-02 11:29:04.031 [main] WARN  org.mybatis.spring.mapper.ClassPathMapperScanner - Skipping MapperFactoryBean with name 'blobTriggersMapper' and 'com.wxm.druid.mapper.quartz.BlobTriggersMapper' mapperInterface. Bean already defined with the same name!
2022-09-02 11:29:04.031 [main] WARN  org.mybatis.spring.mapper.ClassPathMapperScanner - Skipping MapperFactoryBean with name 'calendarsMapper' and 'com.wxm.druid.mapper.quartz.CalendarsMapper' mapperInterface. Bean already defined with the same name!
2022-09-02 11:29:04.032 [main] WARN  org.mybatis.spring.mapper.ClassPathMapperScanner - Skipping MapperFactoryBean with name 'cronTriggersMapper' and 'com.wxm.druid.mapper.quartz.CronTriggersMapper' mapperInterface. Bean already defined with the same name!
2022-09-02 11:29:04.032 [main] WARN  org.mybatis.spring.mapper.ClassPathMapperScanner - Skipping MapperFactoryBean with name 'dataXDetailsMapper' and 'com.wxm.druid.mapper.quartz.DataXDetailsMapper' mapperInterface. Bean already defined with the same name!
2022-09-02 11:29:04.033 [main] WARN  org.mybatis.spring.mapper.ClassPathMapperScanner - Skipping MapperFactoryBean with name 'firedTriggersMapper' and 'com.wxm.druid.mapper.quartz.FiredTriggersMapper' mapperInterface. Bean already defined with the same name!
2022-09-02 11:29:04.033 [main] WARN  org.mybatis.spring.mapper.ClassPathMapperScanner - Skipping MapperFactoryBean with name 'jobDetailsMapper' and 'com.wxm.druid.mapper.quartz.JobDetailsMapper' mapperInterface. Bean already defined with the same name!
2022-09-02 11:29:04.034 [main] WARN  org.mybatis.spring.mapper.ClassPathMapperScanner - Skipping MapperFactoryBean with name 'locksMapper' and 'com.wxm.druid.mapper.quartz.LocksMapper' mapperInterface. Bean already defined with the same name!
2022-09-02 11:29:04.034 [main] WARN  org.mybatis.spring.mapper.ClassPathMapperScanner - Skipping MapperFactoryBean with name 'pausedTriggerGrpsMapper' and 'com.wxm.druid.mapper.quartz.PausedTriggerGrpsMapper' mapperInterface. Bean already defined with the same name!
2022-09-02 11:29:04.035 [main] WARN  org.mybatis.spring.mapper.ClassPathMapperScanner - Skipping MapperFactoryBean with name 'schedulerStateMapper' and 'com.wxm.druid.mapper.quartz.SchedulerStateMapper' mapperInterface. Bean already defined with the same name!
2022-09-02 11:29:04.035 [main] WARN  org.mybatis.spring.mapper.ClassPathMapperScanner - Skipping MapperFactoryBean with name 'simpleTriggersMapper' and 'com.wxm.druid.mapper.quartz.SimpleTriggersMapper' mapperInterface. Bean already defined with the same name!
2022-09-02 11:29:04.036 [main] WARN  org.mybatis.spring.mapper.ClassPathMapperScanner - Skipping MapperFactoryBean with name 'simpropTriggersMapper' and 'com.wxm.druid.mapper.quartz.SimpropTriggersMapper' mapperInterface. Bean already defined with the same name!
2022-09-02 11:29:04.036 [main] WARN  org.mybatis.spring.mapper.ClassPathMapperScanner - Skipping MapperFactoryBean with name 'triggersMapper' and 'com.wxm.druid.mapper.quartz.TriggersMapper' mapperInterface. Bean already defined with the same name!
2022-09-02 11:29:04.037 [main] WARN  org.mybatis.spring.mapper.ClassPathMapperScanner - No MyBatis mapper was found in '[com.wxm.druid.mapper]' package. Please check your configuration.
2022-09-02 11:29:05.653 [main] WARN  c.b.dynamic.datasource.DynamicRoutingDataSource - dynamic-datasource initial loaded [0] datasource,Please add your primary datasource or check your configuration
2022-09-02 11:29:06.849 [main] WARN  c.b.mybatisplus.core.metadata.TableInfoHelper - Can not find table primary key in Class: "com.wxm.druid.entity.quartz.BlobTriggers".
2022-09-02 11:29:06.850 [main] WARN  c.b.mybatisplus.core.injector.DefaultSqlInjector - class com.wxm.druid.entity.quartz.BlobTriggers ,Not found @TableId annotation, Cannot use Mybatis-Plus 'xxById' Method.
2022-09-02 11:29:06.887 [main] WARN  c.b.mybatisplus.core.metadata.TableInfoHelper - Can not find table primary key in Class: "com.wxm.druid.entity.quartz.Calendars".
2022-09-02 11:29:06.888 [main] WARN  c.b.mybatisplus.core.injector.DefaultSqlInjector - class com.wxm.druid.entity.quartz.Calendars ,Not found @TableId annotation, Cannot use Mybatis-Plus 'xxById' Method.
2022-09-02 11:29:06.927 [main] WARN  c.b.mybatisplus.core.metadata.TableInfoHelper - Can not find table primary key in Class: "com.wxm.druid.entity.quartz.CronTriggers".
2022-09-02 11:29:06.928 [main] WARN  c.b.mybatisplus.core.injector.DefaultSqlInjector - class com.wxm.druid.entity.quartz.CronTriggers ,Not found @TableId annotation, Cannot use Mybatis-Plus 'xxById' Method.
2022-09-02 11:29:07.008 [main] WARN  c.b.mybatisplus.core.metadata.TableInfoHelper - Can not find table primary key in Class: "com.wxm.druid.entity.quartz.FiredTriggers".
2022-09-02 11:29:07.009 [main] WARN  c.b.mybatisplus.core.injector.DefaultSqlInjector - class com.wxm.druid.entity.quartz.FiredTriggers ,Not found @TableId annotation, Cannot use Mybatis-Plus 'xxById' Method.
2022-09-02 11:29:07.059 [main] WARN  c.b.mybatisplus.core.metadata.TableInfoHelper - Can not find table primary key in Class: "com.wxm.druid.entity.quartz.JobDetails".
2022-09-02 11:29:07.059 [main] WARN  c.b.mybatisplus.core.injector.DefaultSqlInjector - class com.wxm.druid.entity.quartz.JobDetails ,Not found @TableId annotation, Cannot use Mybatis-Plus 'xxById' Method.
2022-09-02 11:29:07.092 [main] WARN  c.b.mybatisplus.core.metadata.TableInfoHelper - Can not find table primary key in Class: "com.wxm.druid.entity.quartz.Locks".
2022-09-02 11:29:07.093 [main] WARN  c.b.mybatisplus.core.injector.DefaultSqlInjector - class com.wxm.druid.entity.quartz.Locks ,Not found @TableId annotation, Cannot use Mybatis-Plus 'xxById' Method.
2022-09-02 11:29:07.137 [main] WARN  c.b.mybatisplus.core.metadata.TableInfoHelper - Can not find table primary key in Class: "com.wxm.druid.entity.quartz.PausedTriggerGrps".
2022-09-02 11:29:07.138 [main] WARN  c.b.mybatisplus.core.injector.DefaultSqlInjector - class com.wxm.druid.entity.quartz.PausedTriggerGrps ,Not found @TableId annotation, Cannot use Mybatis-Plus 'xxById' Method.
2022-09-02 11:29:07.173 [main] WARN  c.b.mybatisplus.core.metadata.TableInfoHelper - Can not find table primary key in Class: "com.wxm.druid.entity.quartz.SchedulerState".
2022-09-02 11:29:07.173 [main] WARN  c.b.mybatisplus.core.injector.DefaultSqlInjector - class com.wxm.druid.entity.quartz.SchedulerState ,Not found @TableId annotation, Cannot use Mybatis-Plus 'xxById' Method.
2022-09-02 11:29:07.205 [main] WARN  c.b.mybatisplus.core.metadata.TableInfoHelper - Can not find table primary key in Class: "com.wxm.druid.entity.quartz.SimpleTriggers".
2022-09-02 11:29:07.205 [main] WARN  c.b.mybatisplus.core.injector.DefaultSqlInjector - class com.wxm.druid.entity.quartz.SimpleTriggers ,Not found @TableId annotation, Cannot use Mybatis-Plus 'xxById' Method.
2022-09-02 11:29:07.236 [main] WARN  c.b.mybatisplus.core.metadata.TableInfoHelper - Can not find table primary key in Class: "com.wxm.druid.entity.quartz.SimpropTriggers".
2022-09-02 11:29:07.237 [main] WARN  c.b.mybatisplus.core.injector.DefaultSqlInjector - class com.wxm.druid.entity.quartz.SimpropTriggers ,Not found @TableId annotation, Cannot use Mybatis-Plus 'xxById' Method.
2022-09-02 11:29:07.287 [main] WARN  c.b.mybatisplus.core.metadata.TableInfoHelper - Can not find table primary key in Class: "com.wxm.druid.entity.quartz.Triggers".
2022-09-02 11:29:07.288 [main] WARN  c.b.mybatisplus.core.injector.DefaultSqlInjector - class com.wxm.druid.entity.quartz.Triggers ,Not found @TableId annotation, Cannot use Mybatis-Plus 'xxById' Method.
2022-09-02 11:29:08.838 [main] WARN  o.s.w.context.support.GenericWebApplicationContext - Exception encountered during context initialization - cancelling refresh attempt: org.springframework.beans.factory.BeanCreationException: Error creating bean with name 'crossConfig': Injection of autowired dependencies failed; nested exception is java.lang.IllegalArgumentException: Could not resolve placeholder 'security.cross.origins' in value "${security.cross.origins}"
