2024-05-24 11:18:06.633 [main] WARN  c.b.dynamic.datasource.DynamicRoutingDataSource - dynamic-datasource initial loaded [0] datasource,Please add your primary datasource or check your configuration
2024-05-24 11:18:09.977 [main] WARN  c.b.mybatisplus.core.metadata.TableInfoHelper - Can not find table primary key in Class: "com.wxm.druid.entity.quartz.BlobTriggers".
2024-05-24 11:18:09.978 [main] WARN  c.b.mybatisplus.core.injector.DefaultSqlInjector - class com.wxm.druid.entity.quartz.BlobTriggers ,Not found @TableId annotation, Cannot use Mybatis-Plus 'xxById' Method.
2024-05-24 11:18:10.015 [main] WARN  c.b.mybatisplus.core.metadata.TableInfoHelper - Can not find table primary key in Class: "com.wxm.druid.entity.quartz.Calendars".
2024-05-24 11:18:10.017 [main] WARN  c.b.mybatisplus.core.injector.DefaultSqlInjector - class com.wxm.druid.entity.quartz.Calendars ,Not found @TableId annotation, Cannot use Mybatis-Plus 'xxById' Method.
2024-05-24 11:18:10.058 [main] WARN  c.b.mybatisplus.core.metadata.TableInfoHelper - Can not find table primary key in Class: "com.wxm.druid.entity.quartz.CronTriggers".
2024-05-24 11:18:10.058 [main] WARN  c.b.mybatisplus.core.injector.DefaultSqlInjector - class com.wxm.druid.entity.quartz.CronTriggers ,Not found @TableId annotation, Cannot use Mybatis-Plus 'xxById' Method.
2024-05-24 11:18:10.148 [main] WARN  c.b.mybatisplus.core.metadata.TableInfoHelper - Can not find table primary key in Class: "com.wxm.druid.entity.quartz.FiredTriggers".
2024-05-24 11:18:10.149 [main] WARN  c.b.mybatisplus.core.injector.DefaultSqlInjector - class com.wxm.druid.entity.quartz.FiredTriggers ,Not found @TableId annotation, Cannot use Mybatis-Plus 'xxById' Method.
2024-05-24 11:18:10.207 [main] WARN  c.b.mybatisplus.core.metadata.TableInfoHelper - Can not find table primary key in Class: "com.wxm.druid.entity.quartz.JobDetails".
2024-05-24 11:18:10.208 [main] WARN  c.b.mybatisplus.core.injector.DefaultSqlInjector - class com.wxm.druid.entity.quartz.JobDetails ,Not found @TableId annotation, Cannot use Mybatis-Plus 'xxById' Method.
2024-05-24 11:18:10.261 [main] WARN  c.b.mybatisplus.core.metadata.TableInfoHelper - Can not find table primary key in Class: "com.wxm.druid.entity.quartz.Locks".
2024-05-24 11:18:10.261 [main] WARN  c.b.mybatisplus.core.injector.DefaultSqlInjector - class com.wxm.druid.entity.quartz.Locks ,Not found @TableId annotation, Cannot use Mybatis-Plus 'xxById' Method.
2024-05-24 11:18:10.305 [main] WARN  c.b.mybatisplus.core.metadata.TableInfoHelper - Can not find table primary key in Class: "com.wxm.druid.entity.quartz.PausedTriggerGrps".
2024-05-24 11:18:10.306 [main] WARN  c.b.mybatisplus.core.injector.DefaultSqlInjector - class com.wxm.druid.entity.quartz.PausedTriggerGrps ,Not found @TableId annotation, Cannot use Mybatis-Plus 'xxById' Method.
2024-05-24 11:18:10.347 [main] WARN  c.b.mybatisplus.core.metadata.TableInfoHelper - Can not find table primary key in Class: "com.wxm.druid.entity.quartz.SchedulerState".
2024-05-24 11:18:10.348 [main] WARN  c.b.mybatisplus.core.injector.DefaultSqlInjector - class com.wxm.druid.entity.quartz.SchedulerState ,Not found @TableId annotation, Cannot use Mybatis-Plus 'xxById' Method.
2024-05-24 11:18:10.397 [main] WARN  c.b.mybatisplus.core.metadata.TableInfoHelper - Can not find table primary key in Class: "com.wxm.druid.entity.quartz.SimpleTriggers".
2024-05-24 11:18:10.397 [main] WARN  c.b.mybatisplus.core.injector.DefaultSqlInjector - class com.wxm.druid.entity.quartz.SimpleTriggers ,Not found @TableId annotation, Cannot use Mybatis-Plus 'xxById' Method.
2024-05-24 11:18:10.440 [main] WARN  c.b.mybatisplus.core.metadata.TableInfoHelper - Can not find table primary key in Class: "com.wxm.druid.entity.quartz.SimpropTriggers".
2024-05-24 11:18:10.441 [main] WARN  c.b.mybatisplus.core.injector.DefaultSqlInjector - class com.wxm.druid.entity.quartz.SimpropTriggers ,Not found @TableId annotation, Cannot use Mybatis-Plus 'xxById' Method.
2024-05-24 11:18:10.521 [main] WARN  c.b.mybatisplus.core.metadata.TableInfoHelper - Can not find table primary key in Class: "com.wxm.druid.entity.quartz.Triggers".
2024-05-24 11:18:10.522 [main] WARN  c.b.mybatisplus.core.injector.DefaultSqlInjector - class com.wxm.druid.entity.quartz.Triggers ,Not found @TableId annotation, Cannot use Mybatis-Plus 'xxById' Method.
2024-05-24 11:18:12.428 [main] WARN  o.s.w.context.support.GenericWebApplicationContext - Exception encountered during context initialization - cancelling refresh attempt: org.springframework.beans.factory.UnsatisfiedDependencyException: Error creating bean with name 'bizQuartzService' defined in URL [jar:file:/M:/wxm-datax/wxm-service/target/wxm-service-0.0.1-SNAPSHOT.jar!/com/wxm/service/biz/impl/BizQuartzService.class]: Unsatisfied dependency expressed through constructor parameter 2; nested exception is org.springframework.beans.factory.BeanCreationException: Error creating bean with name 'dataXPropertiesConfig': Injection of autowired dependencies failed; nested exception is java.lang.IllegalArgumentException: Could not resolve placeholder 'sys.type' in value "${sys.type}"
