2024-12-03 14:34:40.747 [main] INFO  com.wxm.base.WxmBaseApplicationTests - Starting WxmBaseApplicationTests using Java 1.8.0_431 on CloudPure with PID 118648 (started by wangxm in M:\wxm-datax\wxm-base)
2024-12-03 14:34:40.748 [main] INFO  com.wxm.base.WxmBaseApplicationTests - No active profile set, falling back to 1 default profile: "default"
2024-12-03 14:34:41.188 [main] INFO  o.s.d.r.config.RepositoryConfigurationDelegate - Multiple Spring Data modules found, entering strict repository configuration mode
2024-12-03 14:34:41.190 [main] INFO  o.s.d.r.config.RepositoryConfigurationDelegate - Bootstrapping Spring Data Redis repositories in DEFAULT mode.
2024-12-03 14:34:41.208 [main] INFO  o.s.d.r.config.RepositoryConfigurationDelegate - Finished Spring Data repository scanning in 11 ms. Found 0 Redis repository interfaces.
2024-12-03 14:34:42.090 [main] INFO  org.quartz.impl.StdSchedulerFactory - Using default implementation for ThreadExecutor
2024-12-03 14:34:42.096 [main] INFO  org.quartz.core.SchedulerSignalerImpl - Initialized Scheduler Signaller of type: class org.quartz.core.SchedulerSignalerImpl
2024-12-03 14:34:42.097 [main] INFO  org.quartz.core.QuartzScheduler - Quartz Scheduler v.2.3.2 created.
2024-12-03 14:34:42.097 [main] INFO  org.quartz.simpl.RAMJobStore - RAMJobStore initialized.
2024-12-03 14:34:42.098 [main] INFO  org.quartz.core.QuartzScheduler - Scheduler meta-data: Quartz Scheduler (v2.3.2) 'quartzScheduler' with instanceId 'NON_CLUSTERED'
  Scheduler class: 'org.quartz.core.QuartzScheduler' - running locally.
  NOT STARTED.
  Currently in standby mode.
  Number of jobs executed: 0
  Using thread pool 'org.quartz.simpl.SimpleThreadPool' - with 10 threads.
  Using job-store 'org.quartz.simpl.RAMJobStore' - which does not support persistence. and is not clustered.

2024-12-03 14:34:42.098 [main] INFO  org.quartz.impl.StdSchedulerFactory - Quartz scheduler 'quartzScheduler' initialized from an externally provided properties instance.
2024-12-03 14:34:42.098 [main] INFO  org.quartz.impl.StdSchedulerFactory - Quartz scheduler version: 2.3.2
2024-12-03 14:34:42.098 [main] INFO  org.quartz.core.QuartzScheduler - JobFactory set to: org.springframework.scheduling.quartz.SpringBeanJobFactory@7af327e3
2024-12-03 14:34:42.124 [main] INFO  o.s.scheduling.quartz.SchedulerFactoryBean - Starting Quartz Scheduler now
2024-12-03 14:34:42.125 [main] INFO  org.quartz.core.QuartzScheduler - Scheduler quartzScheduler_$_NON_CLUSTERED started.
2024-12-03 14:34:42.130 [main] INFO  com.wxm.base.WxmBaseApplicationTests - Started WxmBaseApplicationTests in 1.597 seconds (JVM running for 2.168)
2024-12-03 14:34:42.275 [SpringApplicationShutdownHook] INFO  org.quartz.core.QuartzScheduler - Scheduler quartzScheduler_$_NON_CLUSTERED paused.
2024-12-03 14:34:42.275 [SpringApplicationShutdownHook] INFO  o.s.scheduling.quartz.SchedulerFactoryBean - Shutting down Quartz Scheduler
2024-12-03 14:34:42.276 [SpringApplicationShutdownHook] INFO  org.quartz.core.QuartzScheduler - Scheduler quartzScheduler_$_NON_CLUSTERED shutting down.
2024-12-03 14:34:42.276 [SpringApplicationShutdownHook] INFO  org.quartz.core.QuartzScheduler - Scheduler quartzScheduler_$_NON_CLUSTERED paused.
2024-12-03 14:34:42.276 [SpringApplicationShutdownHook] INFO  org.quartz.core.QuartzScheduler - Scheduler quartzScheduler_$_NON_CLUSTERED shutdown complete.
